0 info it worked if it ends with ok
1 verbose cli [ '/usr/local/Cellar/node/5.2.0/bin/node',
1 verbose cli   '/usr/local/bin/npm',
1 verbose cli   'run',
1 verbose cli   'tsc' ]
2 info using npm@3.3.12
3 info using node@v5.2.0
4 verbose run-script [ 'pretsc', 'tsc', 'posttsc' ]
5 info lifecycle parallel@1.0.0~pretsc: parallel@1.0.0
6 silly lifecycle parallel@1.0.0~pretsc: no script for pretsc, continuing
7 info lifecycle parallel@1.0.0~tsc: parallel@1.0.0
8 verbose lifecycle parallel@1.0.0~tsc: unsafe-perm in lifecycle true
9 verbose lifecycle parallel@1.0.0~tsc: PATH: /usr/local/lib/node_modules/npm/bin/node-gyp-bin:/Users/taishi/workspace/web/scala/parallel/public/javascripts/node_modules/.bin:/usr/local/bin:/usr/bin:/bin:/usr/sbin:/sbin:/opt/ImageMagick/bin:/Users/taishi/.rvm/bin
10 verbose lifecycle parallel@1.0.0~tsc: CWD: /Users/taishi/workspace/web/scala/parallel/public/javascripts
11 silly lifecycle parallel@1.0.0~tsc: Args: [ '-c', 'tsc -p src -w' ]
12 silly lifecycle parallel@1.0.0~tsc: Returned: code: 1  signal: null
13 info lifecycle parallel@1.0.0~tsc: Failed to exec tsc script
14 verbose stack Error: parallel@1.0.0 tsc: `tsc -p src -w`
14 verbose stack Exit status 1
14 verbose stack     at EventEmitter.<anonymous> (/usr/local/lib/node_modules/npm/lib/utils/lifecycle.js:232:16)
14 verbose stack     at emitTwo (events.js:88:13)
14 verbose stack     at EventEmitter.emit (events.js:173:7)
14 verbose stack     at ChildProcess.<anonymous> (/usr/local/lib/node_modules/npm/lib/utils/spawn.js:24:14)
14 verbose stack     at emitTwo (events.js:88:13)
14 verbose stack     at ChildProcess.emit (events.js:173:7)
14 verbose stack     at maybeClose (internal/child_process.js:819:16)
14 verbose stack     at Process.ChildProcess._handle.onexit (internal/child_process.js:212:5)
15 verbose pkgid parallel@1.0.0
16 verbose cwd /Users/taishi/workspace/web/scala/parallel/public/javascripts
17 error Darwin 15.4.0
18 error argv "/usr/local/Cellar/node/5.2.0/bin/node" "/usr/local/bin/npm" "run" "tsc"
19 error node v5.2.0
20 error npm  v3.3.12
21 error code ELIFECYCLE
22 error parallel@1.0.0 tsc: `tsc -p src -w`
22 error Exit status 1
23 error Failed at the parallel@1.0.0 tsc script 'tsc -p src -w'.
23 error Make sure you have the latest version of node.js and npm installed.
23 error If you do, this is most likely a problem with the parallel package,
23 error not with npm itself.
23 error Tell the author that this fails on your system:
23 error     tsc -p src -w
23 error You can get their info via:
23 error     npm owner ls parallel
23 error There is likely additional logging output above.
24 verbose exit [ 1, true ]
