0 info it worked if it ends with ok
1 verbose cli [ '/usr/local/Cellar/node/5.2.0/bin/node',
1 verbose cli   '/usr/local/bin/npm',
1 verbose cli   'run',
1 verbose cli   'tsc' ]
2 info using npm@3.3.12
3 info using node@v5.2.0
4 verbose run-script [ 'pretsc', 'tsc', 'posttsc' ]
5 info lifecycle parallel@1.0.0~pretsc: parallel@1.0.0
6 silly lifecycle parallel@1.0.0~pretsc: no script for pretsc, continuing
7 info lifecycle parallel@1.0.0~tsc: parallel@1.0.0
8 verbose lifecycle parallel@1.0.0~tsc: unsafe-perm in lifecycle true
9 verbose lifecycle parallel@1.0.0~tsc: PATH: /usr/local/lib/node_modules/npm/bin/node-gyp-bin:/Users/taishi/workspace/web/scala/parallel/node_modules/.bin:/usr/local/bin:/usr/bin:/bin:/usr/sbin:/sbin:/opt/ImageMagick/bin:/Users/taishi/.rvm/bin
10 verbose lifecycle parallel@1.0.0~tsc: CWD: /Users/taishi/workspace/web/scala/parallel
11 silly lifecycle parallel@1.0.0~tsc: Args: [ '-c', 'tsc -p src -w' ]
12 info lifecycle parallel@1.0.0~tsc: Failed to exec tsc script
13 verbose stack Error: parallel@1.0.0 tsc: `tsc -p src -w`
13 verbose stack spawn ENOENT
13 verbose stack     at ChildProcess.<anonymous> (/usr/local/lib/node_modules/npm/lib/utils/spawn.js:17:16)
13 verbose stack     at emitTwo (events.js:88:13)
13 verbose stack     at ChildProcess.emit (events.js:173:7)
13 verbose stack     at maybeClose (internal/child_process.js:819:16)
13 verbose stack     at Process.ChildProcess._handle.onexit (internal/child_process.js:212:5)
14 verbose pkgid parallel@1.0.0
15 verbose cwd /Users/taishi/workspace/web/scala/parallel/app
16 error Darwin 15.4.0
17 error argv "/usr/local/Cellar/node/5.2.0/bin/node" "/usr/local/bin/npm" "run" "tsc"
18 error node v5.2.0
19 error npm  v3.3.12
20 error file sh
21 error code ELIFECYCLE
22 error errno ENOENT
23 error syscall spawn
24 error parallel@1.0.0 tsc: `tsc -p src -w`
24 error spawn ENOENT
25 error Failed at the parallel@1.0.0 tsc script 'tsc -p src -w'.
25 error Make sure you have the latest version of node.js and npm installed.
25 error If you do, this is most likely a problem with the parallel package,
25 error not with npm itself.
25 error Tell the author that this fails on your system:
25 error     tsc -p src -w
25 error You can get their info via:
25 error     npm owner ls parallel
25 error There is likely additional logging output above.
26 verbose exit [ 1, true ]
